CS240: lab6. cs240 Tue Mar 31 00:09:52 EDT 2015  Total:  0 of 12

CS240: lab6. cs240 Tue Mar 31 00:10:08 EDT 2015  Total:  12 of 12

CS240: lab6. cs240 Tue Mar 31 00:11:07 EDT 2015  Total:  0 of 12

CS240: lab6. cs240 Tue Mar 31 00:11:39 EDT 2015  Total:  0 of 12

CS240: lab6. cs240 Tue Mar 31 00:13:58 EDT 2015  Total:  0 of 12

CS240: lab6. khanna17 Tue Mar 31 19:22:25 EDT 2015  Total:  0 of 12

CS240: lab6. khanna17 Wed Apr 1 12:59:21 EDT 2015  Total:  0 of 12

CS240: lab6. khanna17 Wed Apr 1 13:08:17 EDT 2015  Total:  2 of 12

CS240: lab6. khanna17 Wed Apr 1 13:26:21 EDT 2015  Total:  8 of 12

CS240: lab6. khanna17 Wed Apr 1 14:07:24 EDT 2015  Total:  8 of 12

CS240: lab6. khanna17 Wed Apr 1 14:07:49 EDT 2015  Total:  8 of 12

CS240: lab6. khanna17 Wed Apr 1 14:08:48 EDT 2015  Total:  8 of 12

CS240: lab6. khanna17 Wed Apr 1 14:11:20 EDT 2015  Total:  8 of 12

CS240: lab6. khanna17 Wed Apr 1 14:13:26 EDT 2015  Total:  8 of 12

CS240: lab6. khanna17 Fri Apr 3 15:08:36 EDT 2015  Total:  8 of 12

CS240: lab6. khanna17 Fri Apr 3 15:40:03 EDT 2015  Total:  8 of 12

CS240: lab6. khanna17 Fri Apr 3 15:41:12 EDT 2015  Total:  8 of 12

CS240: lab6. khanna17 Fri Apr 3 15:41:37 EDT 2015  Total:  8 of 12

CS240: lab6. khanna17 Fri Apr 3 15:42:43 EDT 2015  Total:  8 of 12

CS240: lab6. khanna17 Fri Apr 3 15:54:36 EDT 2015  Total:  8 of 12

CS240: lab6. khanna17 Fri Apr 3 15:55:49 EDT 2015  Total:  8 of 12

CS240: lab6. khanna17 Fri Apr 3 15:56:09 EDT 2015  Total:  8 of 12

CS240: lab6. khanna17 Fri Apr 3 15:56:17 EDT 2015  Total:  8 of 12

CS240: lab6. khanna17 Fri Apr 3 15:56:43 EDT 2015  Total:  8 of 12

CS240: lab6. khanna17 Fri Apr 3 15:57:57 EDT 2015  Total:  8 of 12

CS240: lab6. khanna17 Fri Apr 3 15:58:13 EDT 2015  Total:  8 of 12

CS240: lab6. khanna17 Fri Apr 3 15:58:58 EDT 2015  Total:  8 of 12

CS240: lab6. khanna17 Fri Apr 3 16:04:28 EDT 2015  Total:  8 of 12

CS240: lab6. khanna17 Fri Apr 3 16:12:30 EDT 2015  Total:  8 of 12

CS240: lab6. khanna17 Fri Apr 3 16:15:38 EDT 2015  Total:  8 of 12

CS240: lab6. khanna17 Fri Apr 3 16:16:09 EDT 2015  Total:  8 of 12

CS240: lab6. khanna17 Fri Apr 3 16:16:20 EDT 2015  Total:  8 of 12

CS240: lab6. khanna17 Fri Apr 3 16:19:48 EDT 2015  Total:  8 of 12

CS240: lab6. khanna17 Fri Apr 3 16:20:14 EDT 2015  Total:  8 of 12

CS240: lab6. khanna17 Fri Apr 3 16:21:00 EDT 2015  Total:  8 of 12

CS240: lab6. khanna17 Fri Apr 3 16:21:40 EDT 2015  Total:  8 of 12

CS240: lab6. khanna17 Fri Apr 3 16:22:14 EDT 2015  Total:  8 of 12

CS240: lab6. khanna17 Fri Apr 3 16:22:31 EDT 2015  Total:  8 of 12

CS240: lab6. khanna17 Fri Apr 3 16:23:20 EDT 2015  Total:  8 of 12

CS240: lab6. khanna17 Fri Apr 3 16:32:54 EDT 2015  Total:  8 of 12

CS240: lab6. khanna17 Fri Apr 3 16:37:01 EDT 2015  Total:  12 of 12

CS240: lab6. khanna17 Fri Apr 3 17:17:30 EDT 2015  Total:  12 of 12

CS240: lab6. khanna17 Sun Apr 5 14:05:41 EDT 2015  Total:  12 of 12

CS240: lab6. khanna17 Mon Apr 6 10:37:31 EDT 2015  Total:  12 of 12

CS240: lab6. khanna17 Tue Apr 7 13:22:22 EDT 2015  Total:  12 of 12

CS240: lab6. khanna17 Tue Apr 7 13:24:24 EDT 2015  Total:  12 of 12

CS240: lab6. khanna17 Tue Apr 7 14:09:21 EDT 2015  Total:  12 of 12

CS240: lab6. khanna17 Thu Apr 9 15:17:44 EDT 2015  Total:  12 of 12

CS240: lab6. khanna17 Thu Apr 9 21:04:04 EDT 2015  Total:  12 of 12

CS240: lab6. khanna17 Sat Apr 11 22:25:00 EDT 2015  Total:  12 of 12

CS240: lab6. khanna17 Sat Apr 11 22:30:18 EDT 2015  Total:  12 of 12

CS240: lab6. khanna17 Sat Apr 11 23:14:54 EDT 2015  Total:  12 of 12

CS240: lab6. khanna17 Tue Apr 14 22:33:38 EDT 2015  Total:  12 of 62

CS240: lab6. khanna17 Tue Apr 14 22:42:02 EDT 2015  Total:  12 of 62

CS240: lab6. khanna17 Wed Apr 15 00:16:27 EDT 2015  Total:  12 of 62

CS240: lab6. khanna17 Wed Apr 15 00:34:25 EDT 2015  Total:  12 of 62

CS240: lab6. khanna17 Wed Apr 15 00:39:08 EDT 2015  Total:  0 of 5

CS240: lab6. khanna17 Wed Apr 15 00:40:49 EDT 2015  Total:  0 of 5

CS240: lab6. khanna17 Wed Apr 15 00:41:42 EDT 2015  Total:  5 of 5

