60c60,61
< superman
---
> mary
> spiderman
72c73,74
< superman
---
> mary
> spiderman
96,100c98,99
< OK
< 0 mary Hi everybody!
< 1 mary Welcome to the talk program!
< 2 superman Welcome to java-programming!
< 3 aquaman Java is based on C++!
---
> 0 superman Welcome to java-programming!
> 1 aquaman Java is based on C++!
106d104
< OK
109,110d106
< 2 superman Welcome to java-programming!
< 3 aquaman Java is based on C++!
125d120
< OK
128,131c123,124
< 2 superman Welcome to java-programming!
< 3 aquaman Java is based on C++!
< 4 spiderman Hi Mary!
< 5 spiderman Here I am working on cs240
---
> 2 spiderman Hi Mary!
> 3 spiderman Here I am working on cs240
136c129
< ERROR (No user in room)
---
> OK
141,146c134
< OK
< 2 superman Welcome to java-programming!
< 3 aquaman Java is based on C++!
< 4 spiderman Hi Mary!
< 5 spiderman Here I am working on cs240
< 
---
> NO-NEW-MESSAGES
