Start Test 9
Add Users
ADD-USER superman clarkkent
response:
OK

ADD-USER spiderman peterpark
response:
OK

ADD-USER aquaman xyz
response:
OK

ADD-USER mary poppins
response:
OK

Create Room
CREATE-ROOM superman clarkkent java-programming
response:
OK

Create Room
CREATE-ROOM spiderman peterpark c-programming
response:
OK

Enter room
ENTER-ROOM superman clarkkent java-programming
response:
OK

ENTER-ROOM aquaman xyz java-programming
response:
OK

ENTER-ROOM spiderman peterpark c-programming
response:
OK

ENTER-ROOM aquaman xyz c-programming
response:
OK

ENTER-ROOM mary poppins c-programming
response:
OK

Print users in room
GET-USERS-IN-ROOM superman clarkkent java-programming
response:
aquaman
superman


GET-USERS-IN-ROOM mary poppins c-programming
response:
aquaman
superman


Enter another user
ENTER-ROOM spiderman peterpark c-programming
response:
OK

Print users in room
GET-USERS-IN-ROOM spiderman peterpark c-programming
response:
aquaman
superman


Send message
SEND-MESSAGE mary poppins c-programming Hi everybody!
response:
ERROR (user not in room)

SEND-MESSAGE mary poppins c-programming Welcome to the talk program!
response:
ERROR (user not in room)

Send message
SEND-MESSAGE superman clarkkent java-programming Welcome to java-programming!
response:
ERROR (user not in room)

SEND-MESSAGE aquaman xyz java-programming Java is based on C++!
response:
ERROR (user not in room)

Get messages
GET-MESSAGES superman clarkkent 0 java-programming
response:
ERROR (User not in room)

Get messages
GET-MESSAGES mary poppins 0 c-programming
response:
ERROR (User not in room)

Send message
SEND-MESSAGE spiderman peterpark c-programming Hi Mary!
response:
ERROR (user not in room)

SEND-MESSAGE spiderman peterpark c-programming Here I am working on cs240
response:
ERROR (user not in room)

Get messages from 0
GET-MESSAGES mary poppins 0 c-programming
response:
ERROR (User not in room)

LEAVE-ROOM mary poppins c-programming
response:
OK

Get messages from 2
GET-MESSAGES superman clarkkent 2 java-programming
response:
ERROR (User not in room)

Killing Server
